<?xml version="1.0" encoding="UTF-8"?>
<testsuite name="com.backend.project.ApplicationTests" tests="1" skipped="0" failures="0" errors="0" timestamp="2021-09-10T22:56:06" hostname="dell-g3" time="0.203">
  <properties/>
  <testcase name="contextLoads()" classname="com.backend.project.ApplicationTests" time="0.203"/>
  <system-out><![CDATA[19:56:05.147 [Test worker] DEBUG org.springframework.test.context.BootstrapUtils - Instantiating CacheAwareContextLoaderDelegate from class [org.springframework.test.context.cache.DefaultCacheAwareContextLoaderDelegate]
19:56:05.155 [Test worker] DEBUG org.springframework.test.context.BootstrapUtils - Instantiating BootstrapContext using constructor [public org.springframework.test.context.support.DefaultBootstrapContext(java.lang.Class,org.springframework.test.context.CacheAwareContextLoaderDelegate)]
19:56:05.177 [Test worker] DEBUG org.springframework.test.context.BootstrapUtils - Instantiating TestContextBootstrapper for test class [com.backend.project.ApplicationTests] from class [org.springframework.boot.test.context.SpringBootTestContextBootstrapper]
19:56:05.184 [Test worker] INFO org.springframework.boot.test.context.SpringBootTestContextBootstrapper - Neither @ContextConfiguration nor @ContextHierarchy found for test class [com.backend.project.ApplicationTests], using SpringBootContextLoader
19:56:05.187 [Test worker] DEBUG org.springframework.test.context.support.AbstractContextLoader - Did not detect default resource location for test class [com.backend.project.ApplicationTests]: class path resource [com/backend/project/ApplicationTests-context.xml] does not exist
19:56:05.188 [Test worker] DEBUG org.springframework.test.context.support.AbstractContextLoader - Did not detect default resource location for test class [com.backend.project.ApplicationTests]: class path resource [com/backend/project/ApplicationTestsContext.groovy] does not exist
19:56:05.188 [Test worker] INFO org.springframework.test.context.support.AbstractContextLoader - Could not detect default resource locations for test class [com.backend.project.ApplicationTests]: no resource found for suffixes {-context.xml, Context.groovy}.
19:56:05.188 [Test worker] INFO org.springframework.test.context.support.AnnotationConfigContextLoaderUtils - Could not detect default configuration classes for test class [com.backend.project.ApplicationTests]: ApplicationTests does not declare any static, non-private, non-final, nested classes annotated with @Configuration.
19:56:05.215 [Test worker] DEBUG org.springframework.test.context.support.ActiveProfilesUtils - Could not find an 'annotation declaring class' for annotation type [org.springframework.test.context.ActiveProfiles] and class [com.backend.project.ApplicationTests]
19:56:05.260 [Test worker] DEBUG org.springframework.context.annotation.ClassPathScanningCandidateComponentProvider - Identified candidate component class: file [/home/thiagomoura/workspace/myself/backend-project/build/classes/java/main/com/backend/project/Application.class]
19:56:05.261 [Test worker] INFO org.springframework.boot.test.context.SpringBootTestContextBootstrapper - Found @SpringBootConfiguration com.backend.project.Application for test class com.backend.project.ApplicationTests
19:56:05.322 [Test worker] DEBUG org.springframework.boot.test.context.SpringBootTestContextBootstrapper - @TestExecutionListeners is not present for class [com.backend.project.ApplicationTests]: using defaults.
19:56:05.323 [Test worker] INFO org.springframework.boot.test.context.SpringBootTestContextBootstrapper - Loaded default TestExecutionListener class names from location [META-INF/spring.factories]: [org.springframework.boot.test.autoconfigure.restdocs.RestDocsTestExecutionListener, org.springframework.boot.test.autoconfigure.web.client.MockRestServiceServerResetTestExecutionListener, org.springframework.boot.test.autoconfigure.web.servlet.MockMvcPrintOnlyOnFailureTestExecutionListener, org.springframework.boot.test.autoconfigure.web.servlet.WebDriverTestExecutionListener, org.springframework.boot.test.autoconfigure.webservices.client.MockWebServiceServerTestExecutionListener, org.springframework.boot.test.mock.mockito.MockitoTestExecutionListener, org.springframework.boot.test.mock.mockito.ResetMocksTestExecutionListener, org.springframework.test.context.web.ServletTestExecutionListener, org.springframework.test.context.support.DirtiesContextBeforeModesTestExecutionListener, org.springframework.test.context.event.ApplicationEventsTestExecutionListener, org.springframework.test.context.support.DependencyInjectionTestExecutionListener, org.springframework.test.context.support.DirtiesContextTestExecutionListener, org.springframework.test.context.transaction.TransactionalTestExecutionListener, org.springframework.test.context.jdbc.SqlScriptsTestExecutionListener, org.springframework.test.context.event.EventPublishingTestExecutionListener]
19:56:05.333 [Test worker] INFO org.springframework.boot.test.context.SpringBootTestContextBootstrapper - Using TestExecutionListeners: [org.springframework.test.context.web.ServletTestExecutionListener@62e2cddc, org.springframework.test.context.support.DirtiesContextBeforeModesTestExecutionListener@4bc5b223, org.springframework.test.context.event.ApplicationEventsTestExecutionListener@ac3b48f, org.springframework.boot.test.mock.mockito.MockitoTestExecutionListener@49966ad, org.springframework.boot.test.autoconfigure.SpringBootDependencyInjectionTestExecutionListener@7061d7cf, org.springframework.test.context.support.DirtiesContextTestExecutionListener@16d3374a, org.springframework.test.context.transaction.TransactionalTestExecutionListener@1239ed3, org.springframework.test.context.jdbc.SqlScriptsTestExecutionListener@4ec02c54, org.springframework.test.context.event.EventPublishingTestExecutionListener@30e145ec, org.springframework.boot.test.autoconfigure.restdocs.RestDocsTestExecutionListener@3f074ddd, org.springframework.boot.test.autoconfigure.web.client.MockRestServiceServerResetTestExecutionListener@224f89e8, org.springframework.boot.test.autoconfigure.web.servlet.MockMvcPrintOnlyOnFailureTestExecutionListener@6d22a379, org.springframework.boot.test.autoconfigure.web.servlet.WebDriverTestExecutionListener@57d65514, org.springframework.boot.test.autoconfigure.webservices.client.MockWebServiceServerTestExecutionListener@523a8396, org.springframework.boot.test.mock.mockito.ResetMocksTestExecutionListener@c6440f0]
19:56:05.336 [Test worker] DEBUG org.springframework.test.context.support.AbstractDirtiesContextTestExecutionListener - Before test class: context [DefaultTestContext@38fe4027 testClass = ApplicationTests, testInstance = [null], testMethod = [null], testException = [null], mergedContextConfiguration = [WebMergedContextConfiguration@1de388ae testClass = ApplicationTests, locations = '{}', classes = '{class com.backend.project.Application}', contextInitializerClasses = '[]', activeProfiles = '{}', propertySourceLocations = '{}', propertySourceProperties = '{org.springframework.boot.test.context.SpringBootTestContextBootstrapper=true}', contextCustomizers = set[org.springframework.boot.test.autoconfigure.actuate.metrics.MetricsExportContextCustomizerFactory$DisableMetricExportContextCustomizer@2db2b307, org.springframework.boot.test.autoconfigure.properties.PropertyMappingContextCustomizer@0, org.springframework.boot.test.autoconfigure.web.servlet.WebDriverContextCustomizerFactory$Customizer@40eb3ebe, org.springframework.boot.test.context.filter.ExcludeFilterContextCustomizer@7c910880, org.springframework.boot.test.json.DuplicateJsonObjectContextCustomizerFactory$DuplicateJsonObjectContextCustomizer@14241f61, org.springframework.boot.test.mock.mockito.MockitoContextCustomizer@0, org.springframework.boot.test.web.client.TestRestTemplateContextCustomizer@5325daa3, org.springframework.boot.test.context.SpringBootTestArgs@1, org.springframework.boot.test.context.SpringBootTestWebEnvironment@2f1ac4b5], resourceBasePath = 'src/main/webapp', contextLoader = 'org.springframework.boot.test.context.SpringBootContextLoader', parent = [null]], attributes = map['org.springframework.test.context.web.ServletTestExecutionListener.activateListener' -> true]], class annotated with @DirtiesContext [false] with mode [null].
19:56:05.358 [Test worker] DEBUG org.springframework.test.context.support.TestPropertySourceUtils - Adding inlined properties to environment: {spring.jmx.enabled=false, org.springframework.boot.test.context.SpringBootTestContextBootstrapper=true}

  .   ____          _            __ _ _
 /\\ / ___'_ __ _ _(_)_ __  __ _ \ \ \ \
( ( )\___ | '_ | '_| | '_ \/ _` | \ \ \ \
 \\/  ___)| |_)| | | | | || (_| |  ) ) ) )
  '  |____| .__|_| |_|_| |_\__, | / / / /
 =========|_|==============|___/=/_/_/_/
 :: Spring Boot ::                (v2.5.4)

2021-09-10 19:56:05.572  INFO 206742 --- [    Test worker] com.backend.project.ApplicationTests     : Starting ApplicationTests using Java 11.0.11 on dell-g3 with PID 206742 (started by thiagomoura in /home/thiagomoura/workspace/myself/backend-project)
2021-09-10 19:56:05.574  INFO 206742 --- [    Test worker] com.backend.project.ApplicationTests     : No active profile set, falling back to default profiles: default
2021-09-10 19:56:06.874  INFO 206742 --- [    Test worker] com.backend.project.ApplicationTests     : Started ApplicationTests in 1.511 seconds (JVM running for 2.318)
]]></system-out>
  <system-err><![CDATA[]]></system-err>
</testsuite>
